#
# There is insufficient memory for the Java Runtime Environment to continue.
# Native memory allocation (malloc) failed to allocate 1048576 bytes for AllocateHeap
# Possible reasons:
#   The system is out of physical RAM or swap space
#   In 32 bit mode, the process size limit was hit
# Possible solutions:
#   Reduce memory load on the system
#   Increase physical memory or swap space
#   Check if swap backing store is full
#   Use 64 bit Java on a 64 bit OS
#   Decrease Java heap size (-Xmx/-Xms)
#   Decrease number of Java threads
#   Decrease Java thread stack sizes (-Xss)
#   Set larger code cache with -XX:ReservedCodeCacheSize=
# This output file may be truncated or incomplete.
#
#  Out of Memory Error (memory/allocation.inline.hpp:61), pid=6872, tid=0x0000000000000dd4
#
# JRE version:  (8.0_131-b11) (build )
# Java VM: Java HotSpot(TM) 64-Bit Server VM (25.131-b11 mixed mode windows-amd64 compressed oops)
# Failed to write core dump. Minidumps are not enabled by default on client versions of Windows
#

---------------  T H R E A D  ---------------

Current thread (0x0000000001f7f800):  JavaThread "Unknown thread" [_thread_in_vm, id=3540, stack(0x0000000002640000,0x0000000002740000)]

Stack: [0x0000000002640000,0x0000000002740000]
[error occurred during error reporting (printing stack bounds), id 0xc0000005]

Native frames: (J=compiled Java code, j=interpreted, Vv=VM code, C=native code)


---------------  P R O C E S S  ---------------

Java Threads: ( => current thread )

Other Threads:

=>0x0000000001f7f800 (exited) JavaThread "Unknown thread" [_thread_in_vm, id=3540, stack(0x0000000002640000,0x0000000002740000)]

VM state:not at safepoint (normal execution)

VM Mutex/Monitor currently owned by a thread: None

Heap:
 PSYoungGen      total 38400K, used 665K [0x00000000d5f00000, 0x00000000d8980000, 0x0000000100000000)
  eden space 33280K, 2% used [0x00000000d5f00000,0x00000000d5fa6670,0x00000000d7f80000)
  from space 5120K, 0% used [0x00000000d8480000,0x00000000d8480000,0x00000000d8980000)
  to   space 5120K, 0% used [0x00000000d7f80000,0x00000000d7f80000,0x00000000d8480000)
 ParOldGen       total 87552K, used 0K [0x0000000081c00000, 0x0000000087180000, 0x00000000d5f00000)
  object space 87552K, 0% used [0x0000000081c00000,0x0000000081c00000,0x0000000087180000)
 Metaspace       used 781K, capacity 4480K, committed 4480K, reserved 1056768K
  class space    used 75K, capacity 384K, committed 384K, reserved 1048576K

Card table byte_map: [0x0000000011b00000,0x0000000011f00000] byte_map_base: 0x00000000116f2000

Marking Bits: (ParMarkBitMap*) 0x000000005bbfc720
 Begin Bits: [0x00000000128d0000, 0x0000000014860000)
 End Bits:   [0x0000000014860000, 0x00000000167f0000)

Polling page: 0x0000000001f60000

CodeCache: size=245760Kb used=328Kb max_used=328Kb free=245431Kb
 bounds [0x0000000002740000, 0x00000000029b0000, 0x0000000011740000]
 total_blobs=58 nmethods=0 adapters=38
 compilation: enabled

Compilation events (0 events):
No events

GC Heap History (0 events):
No events

Deoptimization events (0 events):
No events

Internal exceptions (0 events):
No events

Events (10 events):
Event: 0.381 loading class java/lang/Short
Event: 0.381 loading class java/lang/Short done
Event: 0.381 loading class java/lang/Integer
Event: 0.381 loading class java/lang/Integer done
Event: 0.381 loading class java/lang/Long
Event: 0.381 loading class java/lang/Long done
Event: 0.382 loading class java/lang/NullPointerException
Event: 0.382 loading class java/lang/NullPointerException done
Event: 0.382 loading class java/lang/ArithmeticException
Event: 0.382 loading class java/lang/ArithmeticException done


Dynamic libraries:
0x000000013faa0000 - 0x000000013fad7000 	C:\java\jdk\bin\java.exe
0x00000000775e0000 - 0x0000000077789000 	C:\Windows\SYSTEM32\ntdll.dll
0x00000000774c0000 - 0x00000000775df000 	C:\Windows\system32\kernel32.dll
0x000007fefd6c0000 - 0x000007fefd72b000 	C:\Windows\system32\KERNELBASE.dll
0x000007fefe2d0000 - 0x000007fefe3ab000 	C:\Windows\system32\ADVAPI32.dll
0x000007fefe230000 - 0x000007fefe2cf000 	C:\Windows\system32\msvcrt.dll
0x000007fefdf20000 - 0x000007fefdf3f000 	C:\Windows\SYSTEM32\sechost.dll
0x000007fefd980000 - 0x000007fefdaad000 	C:\Windows\system32\RPCRT4.dll
0x00000000773c0000 - 0x00000000774ba000 	C:\Windows\system32\USER32.dll
0x000007feff5a0000 - 0x000007feff607000 	C:\Windows\system32\GDI32.dll
0x000007feff880000 - 0x000007feff88e000 	C:\Windows\system32\LPK.dll
0x000007fefe4e0000 - 0x000007fefe5a9000 	C:\Windows\system32\USP10.dll
0x000007fefbcc0000 - 0x000007fefbeb4000 	C:\Windows\WinSxS\amd64_microsoft.windows.common-controls_6595b64144ccf1df_6.0.7601.17514_none_fa396087175ac9ac\COMCTL32.dll
0x000007feff720000 - 0x000007feff791000 	C:\Windows\system32\SHLWAPI.dll
0x000007fefe200000 - 0x000007fefe22e000 	C:\Windows\system32\IMM32.DLL
0x000007feff610000 - 0x000007feff719000 	C:\Windows\system32\MSCTF.dll
0x000007fefd4f0000 - 0x000007fefd522000 	C:\Windows\system32\nvinitx.dll
0x000007fefd4e0000 - 0x000007fefd4ec000 	C:\Windows\system32\VERSION.dll
0x0000000073d70000 - 0x0000000073d76000 	C:\Program Files\NVIDIA Corporation\CoProcManager\detoured.dll
0x000007fefa230000 - 0x000007fefa268000 	C:\Program Files\NVIDIA Corporation\CoProcManager\nvd3d9wrapx.dll
0x000007fefdd40000 - 0x000007fefdf17000 	C:\Windows\system32\SETUPAPI.dll
0x000007fefd8c0000 - 0x000007fefd8f6000 	C:\Windows\system32\CFGMGR32.dll
0x000007feff7a0000 - 0x000007feff877000 	C:\Windows\system32\OLEAUT32.dll
0x000007fefdf50000 - 0x000007fefe153000 	C:\Windows\system32\ole32.dll
0x000007fefd8a0000 - 0x000007fefd8ba000 	C:\Windows\system32\DEVOBJ.dll
0x000007fefa200000 - 0x000007fefa224000 	C:\Program Files\NVIDIA Corporation\CoProcManager\nvdxgiwrapx.dll
0x0000000064240000 - 0x0000000064312000 	C:\java\jdk\jre\bin\msvcr100.dll
0x000000005b3e0000 - 0x000000005bc7c000 	C:\java\jdk\jre\bin\server\jvm.dll
0x000007fefb430000 - 0x000007fefb439000 	C:\Windows\system32\WSOCK32.dll
0x000007fefdab0000 - 0x000007fefdafd000 	C:\Windows\system32\WS2_32.dll
0x000007fefdf40000 - 0x000007fefdf48000 	C:\Windows\system32\NSI.dll
0x000007fef9ac0000 - 0x000007fef9afb000 	C:\Windows\system32\WINMM.dll
0x00000000777a0000 - 0x00000000777a7000 	C:\Windows\system32\PSAPI.DLL
0x0000000070e00000 - 0x0000000070e0f000 	C:\java\jdk\jre\bin\verify.dll
0x0000000066e00000 - 0x0000000066e29000 	C:\java\jdk\jre\bin\java.dll
0x0000000071c10000 - 0x0000000071c45000 	C:\java\jdk\jre\bin\jdwp.dll
0x0000000071c00000 - 0x0000000071c08000 	C:\java\jdk\jre\bin\npt.dll
0x0000000070de0000 - 0x0000000070df6000 	C:\java\jdk\jre\bin\zip.dll

VM Arguments:
jvm_args: -agentlib:jdwp=transport=dt_socket,address=127.0.0.1:63992,suspend=y,server=n -ea -Didea.test.cyclic.buffer.size=1048576 -Dfile.encoding=UTF-8 
java_command: com.intellij.rt.execution.junit.JUnitStarter -ideVersion5 com.T,loginOut
java_class_path (initial): E:\IntelliJ IDEA 2017.1.5\lib\idea_rt.jar;E:\IntelliJ IDEA 2017.1.5\plugins\junit\lib\junit-rt.jar;C:\java\jdk\jre\lib\charsets.jar;C:\java\jdk\jre\lib\deploy.jar;C:\java\jdk\jre\lib\ext\access-bridge-64.jar;C:\java\jdk\jre\lib\ext\cldrdata.jar;C:\java\jdk\jre\lib\ext\dnsns.jar;C:\java\jdk\jre\lib\ext\jaccess.jar;C:\java\jdk\jre\lib\ext\jfxrt.jar;C:\java\jdk\jre\lib\ext\localedata.jar;C:\java\jdk\jre\lib\ext\nashorn.jar;C:\java\jdk\jre\lib\ext\sunec.jar;C:\java\jdk\jre\lib\ext\sunjce_provider.jar;C:\java\jdk\jre\lib\ext\sunmscapi.jar;C:\java\jdk\jre\lib\ext\sunpkcs11.jar;C:\java\jdk\jre\lib\ext\zipfs.jar;C:\java\jdk\jre\lib\javaws.jar;C:\java\jdk\jre\lib\jce.jar;C:\java\jdk\jre\lib\jfr.jar;C:\java\jdk\jre\lib\jfxswt.jar;C:\java\jdk\jre\lib\jsse.jar;C:\java\jdk\jre\lib\management-agent.jar;C:\java\jdk\jre\lib\plugin.jar;C:\java\jdk\jre\lib\resources.jar;C:\java\jdk\jre\lib\rt.jar;C:\Users\Administrator\Desktop\company\SSO\ssoServer\target\test-classes;C:\Users\Administrator\Desktop\company\SSO\ssoServer\target\classes;C:\Users\Administrator\.m2\org\springframework\spring-core\4.0.0.RELEASE\spring-core-4.0.0.RELEASE.jar;C:\Users\Administrator\.m2\commons-logging\commons-logging\1.1.1\commons-logging-1.1.1.jar;C:\Users\Administrator\.m2\org\springframework\spring-beans\4.0.0.RELEASE\spring-beans-4.0.0.RELEASE.jar;C:\Users\Administrator\.m2\org\springframework\spring-context\4.0.0.RELEASE\spring-context-4.0.0.RELEASE.jar;C:\Users\Administrator\.m2\org\springframework\spring-aop\4.0.0.RELEASE\spring-aop-4.0.0.RELEASE.jar;C:\Users\Administrator\.m2\org\springframework\spring-jdbc\4.0.0.RELEASE\spring-jdbc-4.0.0.RELEASE.jar;C:\Users\Administrator\.m2\org\springframework\spring-expression\4.0.0.RELEASE\spring-expression-4.0.0.RELEASE.jar;C:\Users\Administrator\.m2\org\springframework\spring-web\4.0.0.RELEASE\spring-web-4.0.0.RELEASE.jar;C:\Users\Administrator\.m2\aopalliance\aopalliance\1.0\aopalliance-1.0.jar;C:\Users\Administrator\.m2\org\spri
Launcher Type: SUN_STANDARD

Environment Variables:
JAVA_HOME=C:\java\jdk
CLASSPATH=.;%JAVA_HOME%\jre\lib;%JAVA_HOME%\lib\tools.jar
PATH=C:\ProgramData\Oracle\Java\javapath;C:\Windows\system32;C:\Windows;C:\Windows\System32\Wbem;C:\Windows\System32\WindowsPowerShell\v1.0\;C:\Program Files\MySQL\MySQL Server 5.5\bin;%JAVA_HOME%\bin;%JAVA_HOME%\jre\bin;C:\apache-maven-3.5.0\bin
USERNAME=Administrator
OS=Windows_NT
PROCESSOR_IDENTIFIER=Intel64 Family 6 Model 60 Stepping 3, GenuineIntel



---------------  S Y S T E M  ---------------

OS: Windows 7 , 64 bit Build 7601 (6.1.7601.17514)

CPU:total 4 (initial active 4) (2 cores per cpu, 2 threads per core) family 6 model 60 stepping 3, cmov, cx8, fxsr, mmx, sse, sse2, sse3, ssse3, sse4.1, sse4.2, popcnt, avx, avx2, aes, clmul, erms, lzcnt, ht, tsc, tscinvbit, bmi1, bmi2

Memory: 4k page, physical 8268832k(1630620k free), swap 8266988k(5384k free)

vm_info: Java HotSpot(TM) 64-Bit Server VM (25.131-b11) for windows-amd64 JRE (1.8.0_131-b11), built on Mar 15 2017 01:23:53 by "java_re" with MS VC++ 10.0 (VS2010)

time: Tue Aug 22 10:14:33 2017
elapsed time: 0 seconds (0d 0h 0m 0s)

